<?xml version="1.0" encoding="UTF-8"?>
<!-- Generated by org.testng.reporters.JUnitReportReporter -->
<testsuite hostname="LAPTOP-2MRM6MV3" failures="0" tests="1" name="Dependency_Injection.DependencyInjection" time="0.003" errors="0" timestamp="2022-04-23T11:15:00 IST" skipped="0">
  <testcase classname="Dependency_Injection.DependencyInjection" name="maven_profile_test" time="0.003"/>
  <system-out/>
</testsuite> <!-- Dependency_Injection.DependencyInjection -->
